<?xml version="1.0" encoding="UTF-8"?>
<!-- Generated by org.testng.reporters.JUnitReportReporter -->
<testsuite hostname="JARVIS" failures="0" tests="1" name="testNG_properties.ValidateUseridofKite_property" time="2.734" errors="0" timestamp="2022-07-05T22:02:50 IST" skipped="0">
  <testcase classname="testNG_properties.ValidateUseridofKite_property" name="validateUserID" time="2.734"/>
  <system-out/>
</testsuite> <!-- testNG_properties.ValidateUseridofKite_property -->
