<?xml version="1.0" encoding="UTF-8"?>
<!-- Generated by org.testng.reporters.JUnitReportReporter -->
<testsuite hostname="JARVIS" failures="0" tests="1" name="testngpStudy.KitePombyTestNg" time="6.103" errors="0" timestamp="2022-07-04T15:52:08 IST" skipped="0">
  <testcase classname="testngpStudy.KitePombyTestNg" name="validateUserName" time="6.103"/>
  <system-out>
    <![CDATA[Validating UserName
Actual and Expected UN are matching TC PASSED]]>
  </system-out>
</testsuite> <!-- testngpStudy.KitePombyTestNg -->
