<?xml version="1.0" encoding="UTF-8"?>
<!-- Generated by org.testng.reporters.JUnitReportReporter -->
<testsuite hostname="JARVIS" failures="0" tests="2" name="testngpStudy.NewTest" time="8.151" errors="0" timestamp="2022-07-01T01:30:18 IST" skipped="0">
  <testcase classname="testngpStudy.NewTest" name="mymethod" time="2.294"/>
  <system-out/>
  <testcase classname="testngpStudy.NewTest" name="MYmethod" time="5.857"/>
  <system-out/>
</testsuite> <!-- testngpStudy.NewTest -->
