<?xml version="1.0" encoding="UTF-8"?>
<!-- Generated by org.testng.reporters.JUnitReportReporter -->
<testsuite hostname="JARVIS" failures="0" tests="1" name="testNgStudy_2.ValidateKiteUserId" time="5.945" errors="0" timestamp="2022-07-04T18:10:14 IST" skipped="0">
  <testcase classname="testNgStudy_2.ValidateKiteUserId" name="validateUserID" time="5.945"/>
  <system-out/>
</testsuite> <!-- testNgStudy_2.ValidateKiteUserId -->
